<?xml version="1.0" encoding="UTF-8"?>
<testsuite xmlns:xsi="http://www.w3.org/2001/XMLSchema-instance" xsi:noNamespaceSchemaLocation="https://maven.apache.org/surefire/maven-surefire-plugin/xsd/surefire-test-report.xsd" name="tests.ROTest" time="1.147" tests="12" errors="0" skipped="0" failures="0">
  <properties>
    <property name="awt.toolkit" value="sun.awt.X11.XToolkit"/>
    <property name="java.specification.version" value="11"/>
    <property name="sun.cpu.isalist" value=""/>
    <property name="sun.jnu.encoding" value="UTF-8"/>
    <property name="java.class.path" value="/u/riker/u94/kahlonr/cs448/Spr2020_CS448_Project3/cs448p3-SKELETON/target/test-classes:/u/riker/u94/kahlonr/cs448/Spr2020_CS448_Project3/cs448p3-SKELETON/target/classes:/homes/kahlonr/.m2/repository/com/googlecode/json-simple/json-simple/1.1.1/json-simple-1.1.1.jar:/homes/kahlonr/.m2/repository/com/opencsv/opencsv/4.0/opencsv-4.0.jar:/homes/kahlonr/.m2/repository/org/apache/commons/commons-lang3/3.6/commons-lang3-3.6.jar:/homes/kahlonr/.m2/repository/org/apache/commons/commons-text/1.1/commons-text-1.1.jar:/homes/kahlonr/.m2/repository/commons-beanutils/commons-beanutils/1.9.3/commons-beanutils-1.9.3.jar:/homes/kahlonr/.m2/repository/commons-logging/commons-logging/1.2/commons-logging-1.2.jar:/homes/kahlonr/.m2/repository/commons-collections/commons-collections/3.2.2/commons-collections-3.2.2.jar:/homes/kahlonr/.m2/repository/junit/junit/4.11/junit-4.11.jar:/homes/kahlonr/.m2/repository/org/hamcrest/hamcrest-core/1.3/hamcrest-core-1.3.jar:/u/riker/u94/kahlonr/cs448/Spr2020_CS448_Project3/cs448p3-SKELETON/lib/bufmgr.jar:/u/riker/u94/kahlonr/cs448/Spr2020_CS448_Project3/cs448p3-SKELETON/lib/diskmgr.jar:/u/riker/u94/kahlonr/cs448/Spr2020_CS448_Project3/cs448p3-SKELETON/lib/heap.jar:/u/riker/u94/kahlonr/cs448/Spr2020_CS448_Project3/cs448p3-SKELETON/lib/index.jar:"/>
    <property name="java.vm.vendor" value="Private Build"/>
    <property name="sun.arch.data.model" value="64"/>
    <property name="java.vendor.url" value="Unknown"/>
    <property name="user.timezone" value=""/>
    <property name="java.vm.specification.version" value="11"/>
    <property name="os.name" value="Linux"/>
    <property name="sun.java.launcher" value="SUN_STANDARD"/>
    <property name="user.country" value="US"/>
    <property name="sun.boot.library.path" value="/usr/lib/jvm/java-11-openjdk-amd64/lib"/>
    <property name="sun.java.command" value="/u/riker/u94/kahlonr/cs448/Spr2020_CS448_Project3/cs448p3-SKELETON/target/surefire/surefirebooter6368250483843982602.jar /u/riker/u94/kahlonr/cs448/Spr2020_CS448_Project3/cs448p3-SKELETON/target/surefire 2020-04-10T20-48-15_648-jvmRun1 surefire245708056689181371tmp surefire_010140899143336327814tmp"/>
    <property name="jdk.debug" value="release"/>
    <property name="surefire.test.class.path" value="/u/riker/u94/kahlonr/cs448/Spr2020_CS448_Project3/cs448p3-SKELETON/target/test-classes:/u/riker/u94/kahlonr/cs448/Spr2020_CS448_Project3/cs448p3-SKELETON/target/classes:/homes/kahlonr/.m2/repository/com/googlecode/json-simple/json-simple/1.1.1/json-simple-1.1.1.jar:/homes/kahlonr/.m2/repository/com/opencsv/opencsv/4.0/opencsv-4.0.jar:/homes/kahlonr/.m2/repository/org/apache/commons/commons-lang3/3.6/commons-lang3-3.6.jar:/homes/kahlonr/.m2/repository/org/apache/commons/commons-text/1.1/commons-text-1.1.jar:/homes/kahlonr/.m2/repository/commons-beanutils/commons-beanutils/1.9.3/commons-beanutils-1.9.3.jar:/homes/kahlonr/.m2/repository/commons-logging/commons-logging/1.2/commons-logging-1.2.jar:/homes/kahlonr/.m2/repository/commons-collections/commons-collections/3.2.2/commons-collections-3.2.2.jar:/homes/kahlonr/.m2/repository/junit/junit/4.11/junit-4.11.jar:/homes/kahlonr/.m2/repository/org/hamcrest/hamcrest-core/1.3/hamcrest-core-1.3.jar:/u/riker/u94/kahlonr/cs448/Spr2020_CS448_Project3/cs448p3-SKELETON/lib/bufmgr.jar:/u/riker/u94/kahlonr/cs448/Spr2020_CS448_Project3/cs448p3-SKELETON/lib/diskmgr.jar:/u/riker/u94/kahlonr/cs448/Spr2020_CS448_Project3/cs448p3-SKELETON/lib/heap.jar:/u/riker/u94/kahlonr/cs448/Spr2020_CS448_Project3/cs448p3-SKELETON/lib/index.jar:"/>
    <property name="sun.cpu.endian" value="little"/>
    <property name="user.home" value="/homes/kahlonr"/>
    <property name="user.language" value="en"/>
    <property name="java.specification.vendor" value="Oracle Corporation"/>
    <property name="java.version.date" value="2019-10-15"/>
    <property name="java.home" value="/usr/lib/jvm/java-11-openjdk-amd64"/>
    <property name="file.separator" value="/"/>
    <property name="basedir" value="/u/riker/u94/kahlonr/cs448/Spr2020_CS448_Project3/cs448p3-SKELETON"/>
    <property name="java.vm.compressedOopsMode" value="Zero based"/>
    <property name="line.separator" value="&#10;"/>
    <property name="java.specification.name" value="Java Platform API Specification"/>
    <property name="java.vm.specification.vendor" value="Oracle Corporation"/>
    <property name="java.awt.graphicsenv" value="sun.awt.X11GraphicsEnvironment"/>
    <property name="surefire.real.class.path" value="/u/riker/u94/kahlonr/cs448/Spr2020_CS448_Project3/cs448p3-SKELETON/target/surefire/surefirebooter6368250483843982602.jar"/>
    <property name="sun.management.compiler" value="HotSpot 64-Bit Tiered Compilers"/>
    <property name="java.runtime.version" value="11.0.5+10-post-Ubuntu-0ubuntu1.118.04"/>
    <property name="user.name" value="kahlonr"/>
    <property name="path.separator" value=":"/>
    <property name="os.version" value="4.15.0-74-generic"/>
    <property name="java.runtime.name" value="OpenJDK Runtime Environment"/>
    <property name="file.encoding" value="UTF-8"/>
    <property name="java.vm.name" value="OpenJDK 64-Bit Server VM"/>
    <property name="localRepository" value="/homes/kahlonr/.m2/repository"/>
    <property name="java.vendor.url.bug" value="Unknown"/>
    <property name="java.io.tmpdir" value="/tmp"/>
    <property name="java.version" value="11.0.5"/>
    <property name="user.dir" value="/u/riker/u94/kahlonr/cs448/Spr2020_CS448_Project3/cs448p3-SKELETON"/>
    <property name="os.arch" value="amd64"/>
    <property name="java.vm.specification.name" value="Java Virtual Machine Specification"/>
    <property name="java.awt.printerjob" value="sun.print.PSPrinterJob"/>
    <property name="sun.os.patch.level" value="unknown"/>
    <property name="java.library.path" value="/p/oracle12c::/usr/java/packages/lib:/usr/lib/x86_64-linux-gnu/jni:/lib/x86_64-linux-gnu:/usr/lib/x86_64-linux-gnu:/usr/lib/jni:/lib:/usr/lib"/>
    <property name="java.vendor" value="Private Build"/>
    <property name="java.vm.info" value="mixed mode, sharing"/>
    <property name="java.vm.version" value="11.0.5+10-post-Ubuntu-0ubuntu1.118.04"/>
    <property name="sun.io.unicode.encoding" value="UnicodeLittle"/>
    <property name="java.class.version" value="55.0"/>
  </properties>
  <testcase name="testProjectionPipelining" classname="tests.ROTest" time="0.051"/>
  <testcase name="testKeyScan" classname="tests.ROTest" time="0.001"/>
  <testcase name="testSelection" classname="tests.ROTest" time="0.003"/>
  <testcase name="testIndexScan" classname="tests.ROTest" time="0.005"/>
  <testcase name="testFileScan" classname="tests.ROTest" time="0.004"/>
  <testcase name="testSelectionPipelining" classname="tests.ROTest" time="0.006"/>
  <testcase name="testHashJoinOnEqualTables" classname="tests.ROTest" time="0.834"/>
  <testcase name="testSelectionMultiplePredicates" classname="tests.ROTest" time="0.002"/>
  <testcase name="testHashjoinPipelining" classname="tests.ROTest" time="0.005"/>
  <testcase name="testHashJoinOnBigTables" classname="tests.ROTest" time="0.005"/>
  <testcase name="testHashJoin" classname="tests.ROTest" time="0.004"/>
  <testcase name="testProjection" classname="tests.ROTest" time="0.001"/>
</testsuite>